build/app/outputs/mapping/release/mapping.txt
# compiler: R8
# compiler_version: 1.5.64
# min_api: 16
# pg_map_id: 36a2d24
...
io.flutter.embedding.engine.plugins.activity.ActivityAware -> io.flutter.embedding.engine.h.c.a:
    void onAttachedToActivity(io.flutter.embedding.engine.plugins.activity.ActivityPluginBinding) -> a
    void onDetachedFromActivity() -> a
    void onDetachedFromActivityForConfigChanges() -> b
    void onReattachedToActivityForConfigChanges(io.flutter.embedding.engine.plugins.activity.ActivityPluginBinding) -> b
io.flutter.embedding.engine.plugins.activity.ActivityControlSurface -> io.flutter.embedding.engine.h.c.b:
    void attachToActivity(io.flutter.embedding.android.ExclusiveAppComponent,androidx.lifecycle.Lifecycle) -> a
    boolean onActivityResult(int,int,android.content.Intent) -> a
    void onNewIntent(android.content.Intent) -> a
    boolean onRequestPermissionsResult(int,java.lang.String[],int[]) -> a
    void onRestoreInstanceState(android.os.Bundle) -> a
    void onUserLeaveHint() -> a
    void detachFromActivity() -> b
    void onSaveInstanceState(android.os.Bundle) -> b
    void detachFromActivityForConfigChanges() -> c
io.flutter.embedding.engine.plugins.activity.ActivityPluginBinding -> io.flutter.embedding.engine.h.c.c:
    android.app.Activity getActivity() -> d
io.flutter.embedding.engine.plugins.activity.ActivityPluginBinding$OnSaveInstanceStateListener -> io.flutter.embedding.engine.h.c.c$a:
    void onRestoreInstanceState(android.os.Bundle) -> a
    void onSaveInstanceState(android.os.Bundle) -> b
io.flutter.embedding.engine.plugins.broadcastreceiver.BroadcastReceiverAware -> io.flutter.embedding.engine.h.d.a:
    void onAttachedToBroadcastReceiver(io.flutter.embedding.engine.plugins.broadcastreceiver.BroadcastReceiverPluginBinding) -> a
    void onDetachedFromBroadcastReceiver() -> a
io.flutter.embedding.engine.plugins.broadcastreceiver.BroadcastReceiverControlSurface -> io.flutter.embedding.engine.h.d.b:
io.flutter.embedding.engine.plugins.broadcastreceiver.BroadcastReceiverPluginBinding -> io.flutter.embedding.engine.h.d.c:
io.flutter.embedding.engine.plugins.contentprovider.ContentProviderAware -> io.flutter.embedding.engine.h.e.a:
    void onAttachedToContentProvider(io.flutter.embedding.engine.plugins.contentprovider.ContentProviderPluginBinding) -> a
    void onDetachedFromContentProvider() -> a
io.flutter.embedding.engine.plugins.contentprovider.ContentProviderControlSurface -> io.flutter.embedding.engine.h.e.b:
io.flutter.embedding.engine.plugins.contentprovider.ContentProviderPluginBinding -> io.flutter.embedding.engine.h.e.c:
io.flutter.embedding.engine.plugins.service.ServiceAware -> io.flutter.embedding.engine.h.f.a:
    void onAttachedToService(io.flutter.embedding.engine.plugins.service.ServicePluginBinding) -> a
    void onDetachedFromService() -> a
io.flutter.embedding.engine.plugins.service.ServiceControlSurface -> io.flutter.embedding.engine.h.f.b:
io.flutter.embedding.engine.plugins.service.ServicePluginBinding -> io.flutter.embedding.engine.h.f.c:
io.flutter.embedding.engine.plugins.util.GeneratedPluginRegister -> io.flutter.embedding.engine.h.g.a:
    void registerGeneratedPlugins(io.flutter.embedding.engine.FlutterEngine) -> a